<?xml version="1.0" encoding="UTF-8"?>
<!-- Generated by org.testng.reporters.JUnitReportReporter -->
<testsuite hostname="LAPTOP-DCN9E5KL" name="TESTCASES.TESTCASE2_Purchase_Accident_Insurance" tests="11" failures="0" timestamp="25 Sep 2019 14:29:32 GMT" time="189.545" errors="0">
  <testcase name="Answer_ACC_Questions" time="7.236" classname="TESTCASES.TESTCASE2_Purchase_Accident_Insurance"/>
  <testcase name="Checkout_Add_creditcarddetials" time="21.062" classname="TESTCASES.TESTCASE2_Purchase_Accident_Insurance"/>
  <testcase name="Checkout_From_Cart" time="5.265" classname="TESTCASES.TESTCASE2_Purchase_Accident_Insurance"/>
  <testcase name="Review_And_Submit" time="21.142" classname="TESTCASES.TESTCASE2_Purchase_Accident_Insurance"/>
  <testcase name="Choose_Critical" time="5.607" classname="TESTCASES.TESTCASE2_Purchase_Accident_Insurance"/>
  <testcase name="Customer_Registration" time="34.379" classname="TESTCASES.TESTCASE2_Purchase_Accident_Insurance"/>
  <testcase name="Checkout_Add_Dependents" time="15.974" classname="TESTCASES.TESTCASE2_Purchase_Accident_Insurance"/>
  <testcase name="Checkout_Add_beneficiary" time="13.737" classname="TESTCASES.TESTCASE2_Purchase_Accident_Insurance"/>
  <testcase name="Checkout_FIll_Disclosures" time="21.233" classname="TESTCASES.TESTCASE2_Purchase_Accident_Insurance"/>
  <testcase name="Get_Quote2" time="15.786" classname="TESTCASES.TESTCASE2_Purchase_Accident_Insurance"/>
  <testcase name="Check_Thank_You_Page" time="28.124" classname="TESTCASES.TESTCASE2_Purchase_Accident_Insurance"/>
</testsuite> <!-- TESTCASES.TESTCASE2_Purchase_Accident_Insurance -->
