<?xml version="1.0" encoding="UTF-8"?>
<!-- Generated by org.testng.reporters.JUnitReportReporter -->
<testsuite hostname="LAPTOP-DCN9E5KL" name="TESTCASES.TEASTCASE1_Purchase_Critical_Illness" tests="10" failures="0" timestamp="25 Sep 2019 10:09:26 GMT" time="232.648" errors="0">
  <testcase name="Check_Thank_You_Page" time="50.927" classname="TESTCASES.TEASTCASE1_Purchase_Critical_Illness"/>
  <testcase name="Get_Quote2" time="30.187" classname="TESTCASES.TEASTCASE1_Purchase_Critical_Illness"/>
  <testcase name="Checkout_Add_beneficiary" time="17.657" classname="TESTCASES.TEASTCASE1_Purchase_Critical_Illness"/>
  <testcase name="Checkout_Add_creditcarddetials" time="21.088" classname="TESTCASES.TEASTCASE1_Purchase_Critical_Illness"/>
  <testcase name="Checkout_FIll_Disclosures" time="21.139" classname="TESTCASES.TEASTCASE1_Purchase_Critical_Illness"/>
  <testcase name="Customer_Registration" time="36.426" classname="TESTCASES.TEASTCASE1_Purchase_Critical_Illness"/>
  <testcase name="Answer_CI_Questions" time="7.059" classname="TESTCASES.TEASTCASE1_Purchase_Critical_Illness"/>
  <testcase name="Checkout_From_Cart" time="5.277" classname="TESTCASES.TEASTCASE1_Purchase_Critical_Illness"/>
  <testcase name="Review_And_Submit" time="37.278" classname="TESTCASES.TEASTCASE1_Purchase_Critical_Illness"/>
  <testcase name="Choose_Critical" time="5.610" classname="TESTCASES.TEASTCASE1_Purchase_Critical_Illness"/>
</testsuite> <!-- TESTCASES.TEASTCASE1_Purchase_Critical_Illness -->
