<?xml version="1.0" encoding="UTF-8"?>
<!-- Generated by org.testng.reporters.JUnitReportReporter -->
<testsuite hostname="LAPTOP-DCN9E5KL" name="TESTCASES.TESTCASE3_Purchase_Cancer_Insurance" tests="9" failures="0" timestamp="26 Sep 2019 07:05:09 GMT" time="175.598" errors="0">
  <testcase name="Get_Quote2" time="17.288" classname="TESTCASES.TESTCASE3_Purchase_Cancer_Insurance"/>
  <testcase name="Customer_Registration" time="37.384" classname="TESTCASES.TESTCASE3_Purchase_Cancer_Insurance"/>
  <testcase name="Choose_Critical" time="5.793" classname="TESTCASES.TESTCASE3_Purchase_Cancer_Insurance"/>
  <testcase name="Answer_CI_Questions" time="9.422" classname="TESTCASES.TESTCASE3_Purchase_Cancer_Insurance"/>
  <testcase name="Checkout_Add_BankDetails" time="9.464" classname="TESTCASES.TESTCASE3_Purchase_Cancer_Insurance"/>
  <testcase name="Checkout_FIll_Disclosures" time="23.306" classname="TESTCASES.TESTCASE3_Purchase_Cancer_Insurance"/>
  <testcase name="Checkout_From_Cart" time="5.799" classname="TESTCASES.TESTCASE3_Purchase_Cancer_Insurance"/>
  <testcase name="Check_Thank_You_Page" time="36.273" classname="TESTCASES.TESTCASE3_Purchase_Cancer_Insurance"/>
  <testcase name="Review_And_Submit" time="30.869" classname="TESTCASES.TESTCASE3_Purchase_Cancer_Insurance"/>
</testsuite> <!-- TESTCASES.TESTCASE3_Purchase_Cancer_Insurance -->
